make[1]: Entering directory '/media/fear/WesternDigital/Tesi - Thermosyphon/3DICE-Integration/MyHeatSink/T05_3DICE_Integration_T05_Interface3DICE.fmutmp/sources'
clang -Os -fPIC -falign-functions -mfpmath=sse -fno-dollars-in-identifiers -Wno-parentheses-equality  -I'/usr/bin/../include/omc/c/fmi' -DOMC_FMI_RUNTIME=1 -DCMINPACK_NO_DLL=1  -c -o T05_3DICE_Integration_T05_Interface3DICE_06inz_part0.o T05_3DICE_Integration_T05_Interface3DICE_06inz_part0.c
clang -Os -fPIC -falign-functions -mfpmath=sse -fno-dollars-in-identifiers -Wno-parentheses-equality  -I'/usr/bin/../include/omc/c/fmi' -DOMC_FMI_RUNTIME=1 -DCMINPACK_NO_DLL=1  -c -o T05_3DICE_Integration_T05_Interface3DICE_06inz_part1.o T05_3DICE_Integration_T05_Interface3DICE_06inz_part1.c
clang -Os -fPIC -falign-functions -mfpmath=sse -fno-dollars-in-identifiers -Wno-parentheses-equality  -I'/usr/bin/../include/omc/c/fmi' -DOMC_FMI_RUNTIME=1 -DCMINPACK_NO_DLL=1  -c -o T05_3DICE_Integration_T05_Interface3DICE.o T05_3DICE_Integration_T05_Interface3DICE.c
clang -Os -fPIC -falign-functions -mfpmath=sse -fno-dollars-in-identifiers -Wno-parentheses-equality  -I'/usr/bin/../include/omc/c/fmi' -DOMC_FMI_RUNTIME=1 -DCMINPACK_NO_DLL=1  -c -o T05_3DICE_Integration_T05_Interface3DICE_functions.o T05_3DICE_Integration_T05_Interface3DICE_functions.c
In file included from T05_3DICE_Integration_T05_Interface3DICE_06inz_part1.c:1:
In file included from ./T05_3DICE_Integration_T05_Interface3DICE_model.h:5:
In file included from ./openmodelica.h:71:
In file included from ./gc/../openmodelica_types.hIn file included from T05_3DICE_Integration_T05_Interface3DICE_06inz_part0.c:1:
In file included from :144./T05_3DICE_Integration_T05_Interface3DICE_model.h::
5:
./gc/omc_gc.h:In file included from ./openmodelica.h219::7128::
In file included from  warning./gc/../openmodelica_types.h:: 144:
expression result unused [-Wunused-value]
./gc/omc_gc.h  GC_register_displacement(0);
:219                           ^
:28./gc/omc_gc.h:: 223:warning: 34:expression result unused [-Wunused-value]
 warning:   GC_register_displacement(0);
expression result unused [-Wunused-value]
                           ^
  GC_set_force_unmap_on_gcollect(1);
./gc/omc_gc.h:                                 ^
223:34: warning: expression result unused [-Wunused-value]
  GC_set_force_unmap_on_gcollect(1);
                                 ^
In file included from T05_3DICE_Integration_T05_Interface3DICE.c:7:
In file included from ./T05_3DICE_Integration_T05_Interface3DICE_model.h:5:
In file included from ./openmodelica.h:71:
In file included from ./gc/../openmodelica_types.h:144:
./gc/omc_gc.h:219:28: warning: expression result unused [-Wunused-value]
  GC_register_displacement(0);
                           ^
In file included from T05_3DICE_Integration_T05_Interface3DICE_functions.c./gc/omc_gc.h::223:2:
34:In file included from ./T05_3DICE_Integration_T05_Interface3DICE_functions.h warning:3: expression result unused [-Wunused-value]:
In file included from 
./meta/meta_modelica.h:  GC_set_force_unmap_on_gcollect(1);
49:
                                 ^
./gc/omc_gc.h:219:28: warning: expression result unused [-Wunused-value]
  GC_register_displacement(0);
                           ^
./gc/omc_gc.h:223:34: warning: expression result unused [-Wunused-value]
  GC_set_force_unmap_on_gcollect(1);
                                 ^
2 warnings generated.
clang -Os -fPIC -falign-functions -mfpmath=sse -fno-dollars-in-identifiers -Wno-parentheses-equality  -I'/usr/bin/../include/omc/c/fmi' -DOMC_FMI_RUNTIME=1 -DCMINPACK_NO_DLL=1  -c -o T05_3DICE_Integration_T05_Interface3DICE_records.o T05_3DICE_Integration_T05_Interface3DICE_records.c
In file included from T05_3DICE_Integration_T05_Interface3DICE_records.c:4:
In file included from ./meta/meta_modelica.h:49:
./gc/omc_gc.h:219:28: warning: expression result unused [-Wunused-value]
  GC_register_displacement(0);
                           ^
./gc/omc_gc.h:223:34: warning: expression result unused [-Wunused-value]
  GC_set_force_unmap_on_gcollect(1);
                                 ^
2 warnings generated.
clang -Os -fPIC -falign-functions -mfpmath=sse -fno-dollars-in-identifiers -Wno-parentheses-equality  -I'/usr/bin/../include/omc/c/fmi' -DOMC_FMI_RUNTIME=1 -DCMINPACK_NO_DLL=1  -c -o T05_3DICE_Integration_T05_Interface3DICE_01exo.o T05_3DICE_Integration_T05_Interface3DICE_01exo.c
In file included from T05_3DICE_Integration_T05_Interface3DICE_01exo.c:2:
In file included from ./T05_3DICE_Integration_T05_Interface3DICE_model.h:5:
In file included from ./openmodelica.h:71:
In file included from ./gc/../openmodelica_types.h:144:
./gc/omc_gc.h:219:28: warning: expression result unused [-Wunused-value]
  GC_register_displacement(0);
                           ^
./gc/omc_gc.h:223:34: warning: expression result unused [-Wunused-value]
  GC_set_force_unmap_on_gcollect(1);
                                 ^
2 warnings generated.
clang -Os -fPIC -falign-functions -mfpmath=sse -fno-dollars-in-identifiers -Wno-parentheses-equality  -I'/usr/bin/../include/omc/c/fmi' -DOMC_FMI_RUNTIME=1 -DCMINPACK_NO_DLL=1  -c -o T05_3DICE_Integration_T05_Interface3DICE_02nls.o T05_3DICE_Integration_T05_Interface3DICE_02nls.c
In file included from T05_3DICE_Integration_T05_Interface3DICE_02nls.c:2:
In file included from ./T05_3DICE_Integration_T05_Interface3DICE_model.h:5:
In file included from ./openmodelica.h:71:
In file included from ./gc/../openmodelica_types.h:144:
./gc/omc_gc.h:219:28: warning: expression result unused [-Wunused-value]
  GC_register_displacement(0);
                           ^
./gc/omc_gc.h:223:34: warning: expression result unused [-Wunused-value]
  GC_set_force_unmap_on_gcollect(1);
                                 ^
2 warnings generated.
clang -Os -fPIC -falign-functions -mfpmath=sse -fno-dollars-in-identifiers -Wno-parentheses-equality  -I'/usr/bin/../include/omc/c/fmi' -DOMC_FMI_RUNTIME=1 -DCMINPACK_NO_DLL=1  -c -o T05_3DICE_Integration_T05_Interface3DICE_03lsy.o T05_3DICE_Integration_T05_Interface3DICE_03lsy.c
2 warnings generated.
clang -Os -fPIC -falign-functions -mfpmath=sse -fno-dollars-in-identifiers -Wno-parentheses-equality  -I'/usr/bin/../include/omc/c/fmi' -DOMC_FMI_RUNTIME=1 -DCMINPACK_NO_DLL=1  -c -o T05_3DICE_Integration_T05_Interface3DICE_04set.o T05_3DICE_Integration_T05_Interface3DICE_04set.c
In file included from T05_3DICE_Integration_T05_Interface3DICE_03lsy.c:2:
In file included from ./T05_3DICE_Integration_T05_Interface3DICE_model.h:5:
In file included from ./openmodelica.h:71:
In file included from ./gc/../openmodelica_types.h:144:
./gc/omc_gc.h:219:28: warning: expression result unused [-Wunused-value]
  GC_register_displacement(0);
                           ^
./gc/omc_gc.h:223:34: warning: expression result unused [-Wunused-value]
  GC_set_force_unmap_on_gcollect(1);
                                 ^
In file included from T05_3DICE_Integration_T05_Interface3DICE_04set.c:2:
In file included from ./T05_3DICE_Integration_T05_Interface3DICE_model.h:5:
In file included from ./openmodelica.h:71:
In file included from ./gc/../openmodelica_types.h:144:
./gc/omc_gc.h:219:28: warning: expression result unused [-Wunused-value]
  GC_register_displacement(0);
                           ^
./gc/omc_gc.h:223:34: warning: expression result unused [-Wunused-value]
  GC_set_force_unmap_on_gcollect(1);
                                 ^
2 warnings generated.
clang -Os -fPIC -falign-functions -mfpmath=sse -fno-dollars-in-identifiers -Wno-parentheses-equality  -I'/usr/bin/../include/omc/c/fmi' -DOMC_FMI_RUNTIME=1 -DCMINPACK_NO_DLL=1  -c -o T05_3DICE_Integration_T05_Interface3DICE_05evt.o T05_3DICE_Integration_T05_Interface3DICE_05evt.c
In file included from T05_3DICE_Integration_T05_Interface3DICE_05evt.c:2:
In file included from ./T05_3DICE_Integration_T05_Interface3DICE_model.h:5:
In file included from ./openmodelica.h:71:
In file included from ./gc/../openmodelica_types.h:144:
./gc/omc_gc.h:219:28: warning: expression result unused [-Wunused-value]
  GC_register_displacement(0);
                           ^
./gc/omc_gc.h:223:34: warning: expression result unused [-Wunused-value]
  GC_set_force_unmap_on_gcollect(1);
                                 ^
2 warnings generated.
clang -Os -fPIC -falign-functions -mfpmath=sse -fno-dollars-in-identifiers -Wno-parentheses-equality  -I'/usr/bin/../include/omc/c/fmi' -DOMC_FMI_RUNTIME=1 -DCMINPACK_NO_DLL=1  -c -o T05_3DICE_Integration_T05_Interface3DICE_06inz.o T05_3DICE_Integration_T05_Interface3DICE_06inz.c
In file included from T05_3DICE_Integration_T05_Interface3DICE_06inz.c:2:
In file included from ./T05_3DICE_Integration_T05_Interface3DICE_model.h:5:
In file included from ./openmodelica.h:71:
In file included from ./gc/../openmodelica_types.h:144:
./gc/omc_gc.h:219:28: warning: expression result unused [-Wunused-value]
  GC_register_displacement(0);
                           ^
./gc/omc_gc.h:223:34: warning: expression result unused [-Wunused-value]
  GC_set_force_unmap_on_gcollect(1);
                                 ^
2 warnings generated.
clang -Os -fPIC -falign-functions -mfpmath=sse -fno-dollars-in-identifiers -Wno-parentheses-equality  -I'/usr/bin/../include/omc/c/fmi' -DOMC_FMI_RUNTIME=1 -DCMINPACK_NO_DLL=1  -c -o T05_3DICE_Integration_T05_Interface3DICE_07dly.o T05_3DICE_Integration_T05_Interface3DICE_07dly.c
In file included from T05_3DICE_Integration_T05_Interface3DICE_07dly.c:2:
In file included from ./T05_3DICE_Integration_T05_Interface3DICE_model.h:5:
In file included from ./openmodelica.h:71:
In file included from ./gc/../openmodelica_types.h:144:
./gc/omc_gc.h:219:28: warning: expression result unused [-Wunused-value]
  GC_register_displacement(0);
                           ^
./gc/omc_gc.h:223:34: warning: expression result unused [-Wunused-value]
  GC_set_force_unmap_on_gcollect(1);
                                 ^
2 warnings generated.
clang -Os -fPIC -falign-functions -mfpmath=sse -fno-dollars-in-identifiers -Wno-parentheses-equality  -I'/usr/bin/../include/omc/c/fmi' -DOMC_FMI_RUNTIME=1 -DCMINPACK_NO_DLL=1  -c -o T05_3DICE_Integration_T05_Interface3DICE_08bnd.o T05_3DICE_Integration_T05_Interface3DICE_08bnd.c
In file included from T05_3DICE_Integration_T05_Interface3DICE_08bnd.c:2:
In file included from ./T05_3DICE_Integration_T05_Interface3DICE_model.h:5:
In file included from ./openmodelica.h:71:
In file included from ./gc/../openmodelica_types.h:144:
./gc/omc_gc.h:219:28: warning: expression result unused [-Wunused-value]
  GC_register_displacement(0);
                           ^
./gc/omc_gc.h:223:34: warning: expression result unused [-Wunused-value]
  GC_set_force_unmap_on_gcollect(1);
                                 ^
2 warnings generated.
clang -Os -fPIC -falign-functions -mfpmath=sse -fno-dollars-in-identifiers -Wno-parentheses-equality  -I'/usr/bin/../include/omc/c/fmi' -DOMC_FMI_RUNTIME=1 -DCMINPACK_NO_DLL=1  -c -o T05_3DICE_Integration_T05_Interface3DICE_09alg.o T05_3DICE_Integration_T05_Interface3DICE_09alg.c
In file included from T05_3DICE_Integration_T05_Interface3DICE_09alg.c:2:
In file included from ./T05_3DICE_Integration_T05_Interface3DICE_model.h:5:
In file included from ./openmodelica.h:71:
In file included from ./gc/../openmodelica_types.h:144:
./gc/omc_gc.h:219:28: warning: expression result unused [-Wunused-value]
  GC_register_displacement(0);
                           ^
./gc/omc_gc.h:223:34: warning: expression result unused [-Wunused-value]
  GC_set_force_unmap_on_gcollect(1);
                                 ^
2 warnings generated.
clang -Os -fPIC -falign-functions -mfpmath=sse -fno-dollars-in-identifiers -Wno-parentheses-equality  -I'/usr/bin/../include/omc/c/fmi' -DOMC_FMI_RUNTIME=1 -DCMINPACK_NO_DLL=1  -c -o T05_3DICE_Integration_T05_Interface3DICE_10asr.o T05_3DICE_Integration_T05_Interface3DICE_10asr.c
In file included from T05_3DICE_Integration_T05_Interface3DICE_10asr.c:2:
In file included from ./T05_3DICE_Integration_T05_Interface3DICE_model.h:5:
In file included from ./openmodelica.h:71:
In file included from ./gc/../openmodelica_types.h:144:
./gc/omc_gc.h:219:28: warning: expression result unused [-Wunused-value]
  GC_register_displacement(0);
                           ^
./gc/omc_gc.h:223:34: warning: expression result unused [-Wunused-value]
  GC_set_force_unmap_on_gcollect(1);
                                 ^
2 warnings generated.
clang -Os -fPIC -falign-functions -mfpmath=sse -fno-dollars-in-identifiers -Wno-parentheses-equality  -I'/usr/bin/../include/omc/c/fmi' -DOMC_FMI_RUNTIME=1 -DCMINPACK_NO_DLL=1  -c -o T05_3DICE_Integration_T05_Interface3DICE_11mix.o T05_3DICE_Integration_T05_Interface3DICE_11mix.c
In file included from T05_3DICE_Integration_T05_Interface3DICE_11mix.c:2:
In file included from ./T05_3DICE_Integration_T05_Interface3DICE_model.h:5:
In file included from ./openmodelica.h:71:
In file included from ./gc/../openmodelica_types.h:144:
./gc/omc_gc.h:219:28: warning: expression result unused [-Wunused-value]
  GC_register_displacement(0);
                           ^
./gc/omc_gc.h:223:34: warning: expression result unused [-Wunused-value]
  GC_set_force_unmap_on_gcollect(1);
                                 ^
2 warnings generated.
clang -Os -fPIC -falign-functions -mfpmath=sse -fno-dollars-in-identifiers -Wno-parentheses-equality  -I'/usr/bin/../include/omc/c/fmi' -DOMC_FMI_RUNTIME=1 -DCMINPACK_NO_DLL=1  -c -o T05_3DICE_Integration_T05_Interface3DICE_12jac.o T05_3DICE_Integration_T05_Interface3DICE_12jac.c
In file included from T05_3DICE_Integration_T05_Interface3DICE_12jac.c:2:
In file included from ./T05_3DICE_Integration_T05_Interface3DICE_model.h:5:
In file included from ./openmodelica.h:71:
In file included from ./gc/../openmodelica_types.h:144:
./gc/omc_gc.h:219:28: warning: expression result unused [-Wunused-value]
  GC_register_displacement(0);
                           ^
./gc/omc_gc.h:223:34: warning: expression result unused [-Wunused-value]
  GC_set_force_unmap_on_gcollect(1);
                                 ^
2 warnings generated.
clang -Os -fPIC -falign-functions -mfpmath=sse -fno-dollars-in-identifiers -Wno-parentheses-equality  -I'/usr/bin/../include/omc/c/fmi' -DOMC_FMI_RUNTIME=1 -DCMINPACK_NO_DLL=1  -c -o T05_3DICE_Integration_T05_Interface3DICE_13opt.o T05_3DICE_Integration_T05_Interface3DICE_13opt.c
In file included from T05_3DICE_Integration_T05_Interface3DICE_13opt.c:2:
In file included from ./T05_3DICE_Integration_T05_Interface3DICE_model.h:5:
In file included from ./openmodelica.h:71:
In file included from ./gc/../openmodelica_types.h:144:
./gc/omc_gc.h:219:28: warning: expression result unused [-Wunused-value]
  GC_register_displacement(0);
                           ^
./gc/omc_gc.h:223:34: warning: expression result unused [-Wunused-value]
  GC_set_force_unmap_on_gcollect(1);
                                 ^
2 warnings generated.
clang -Os -fPIC -falign-functions -mfpmath=sse -fno-dollars-in-identifiers -Wno-parentheses-equality  -I'/usr/bin/../include/omc/c/fmi' -DOMC_FMI_RUNTIME=1 -DCMINPACK_NO_DLL=1  -c -o T05_3DICE_Integration_T05_Interface3DICE_14lnz.o T05_3DICE_Integration_T05_Interface3DICE_14lnz.c
In file included from T05_3DICE_Integration_T05_Interface3DICE_14lnz.c:2:
In file included from ./T05_3DICE_Integration_T05_Interface3DICE_model.h:5:
In file included from ./openmodelica.h:71:
In file included from ./gc/../openmodelica_types.h:144:
./gc/omc_gc.h:219:28: warning: expression result unused [-Wunused-value]
  GC_register_displacement(0);
                           ^
./gc/omc_gc.h:223:34: warning: expression result unused [-Wunused-value]
  GC_set_force_unmap_on_gcollect(1);
                                 ^
2 warnings generated.
clang -Os -fPIC -falign-functions -mfpmath=sse -fno-dollars-in-identifiers -Wno-parentheses-equality  -I'/usr/bin/../include/omc/c/fmi' -DOMC_FMI_RUNTIME=1 -DCMINPACK_NO_DLL=1  -c -o T05_3DICE_Integration_T05_Interface3DICE_15syn.o T05_3DICE_Integration_T05_Interface3DICE_15syn.c
In file included from T05_3DICE_Integration_T05_Interface3DICE_15syn.c:2:
In file included from ./T05_3DICE_Integration_T05_Interface3DICE_model.h:5:
In file included from ./openmodelica.h:71:
In file included from ./gc/../openmodelica_types.h:144:
./gc/omc_gc.h:219:28: warning: expression result unused [-Wunused-value]
  GC_register_displacement(0);
                           ^
./gc/omc_gc.h:223:34: warning: expression result unused [-Wunused-value]
  GC_set_force_unmap_on_gcollect(1);
                                 ^
2 warnings generated.
clang -Os -fPIC -falign-functions -mfpmath=sse -fno-dollars-in-identifiers -Wno-parentheses-equality  -I'/usr/bin/../include/omc/c/fmi' -DOMC_FMI_RUNTIME=1 -DCMINPACK_NO_DLL=1  -c -o T05_3DICE_Integration_T05_Interface3DICE_16dae.o T05_3DICE_Integration_T05_Interface3DICE_16dae.c
In file included from T05_3DICE_Integration_T05_Interface3DICE_16dae.c:2:
In file included from ./T05_3DICE_Integration_T05_Interface3DICE_model.h:5:
In file included from ./openmodelica.h:71:
In file included from ./gc/../openmodelica_types.h:144:
./gc/omc_gc.h:219:28: warning: expression result unused [-Wunused-value]
  GC_register_displacement(0);
                           ^
./gc/omc_gc.h:223:34: warning: expression result unused [-Wunused-value]
  GC_set_force_unmap_on_gcollect(1);
                                 ^
2 warnings generated.
clang -Os -fPIC -falign-functions -mfpmath=sse -fno-dollars-in-identifiers -Wno-parentheses-equality  -I'/usr/bin/../include/omc/c/fmi' -DOMC_FMI_RUNTIME=1 -DCMINPACK_NO_DLL=1  -c -o T05_3DICE_Integration_T05_Interface3DICE_17inl.o T05_3DICE_Integration_T05_Interface3DICE_17inl.c
In file included from T05_3DICE_Integration_T05_Interface3DICE_17inl.c:2:
In file included from ./T05_3DICE_Integration_T05_Interface3DICE_model.h:5:
In file included from ./openmodelica.h:71:
In file included from ./gc/../openmodelica_types.h:1442:
./gc/omc_gc.h:219:28: warning warnings generated: expression result unused [-Wunused-value].

  GC_register_displacement(0);
                           ^
./gc/omc_gc.h:223:34: warning: expression result unused [-Wunused-value]
  GC_set_force_unmap_on_gcollect(1);
                                 ^
clang -Os -fPIC -falign-functions -mfpmath=sse -fno-dollars-in-identifiers -Wno-parentheses-equality  -I'/usr/bin/../include/omc/c/fmi' -DOMC_FMI_RUNTIME=1 -DCMINPACK_NO_DLL=1  -c -o T05_3DICE_Integration_T05_Interface3DICE_18spd.o T05_3DICE_Integration_T05_Interface3DICE_18spd.c
In file included from T05_3DICE_Integration_T05_Interface3DICE_18spd.c:2:
In file included from ./T05_3DICE_Integration_T05_Interface3DICE_model.h:5:
In file included from ./openmodelica.h:71:
In file included from ./gc/../openmodelica_types.h:144:
./gc/omc_gc.h:219:28: warning: expression result unused [-Wunused-value]
  GC_register_displacement(0);
                           ^
./gc/omc_gc.h:223:34: warning: expression result unused [-Wunused-value]
  GC_set_force_unmap_on_gcollect(1);
                                 ^
2 warnings generated.
clang -Os -fPIC -falign-functions -mfpmath=sse -fno-dollars-in-identifiers -Wno-parentheses-equality  -I'/usr/bin/../include/omc/c/fmi' -DOMC_FMI_RUNTIME=1 -DCMINPACK_NO_DLL=1  -c -o T05_3DICE_Integration_T05_Interface3DICE_init_fmu.o T05_3DICE_Integration_T05_Interface3DICE_init_fmu.c
2 warnings generated.
clang -Os -fPIC -falign-functions -mfpmath=sse -fno-dollars-in-identifiers -Wno-parentheses-equality  -I'/usr/bin/../include/omc/c/fmi' -DOMC_FMI_RUNTIME=1 -DCMINPACK_NO_DLL=1  -c -o T05_3DICE_Integration_T05_Interface3DICE_FMU.o T05_3DICE_Integration_T05_Interface3DICE_FMU.c
In file included from T05_3DICE_Integration_T05_Interface3DICE_init_fmu.c:1:
In file included from ./simulation_data.h:39:
In file included from ./openmodelica.h:71:
In file included from ./gc/../openmodelica_types.h:144:
./gc/omc_gc.h:219:28: warning: expression result unused [-Wunused-value]
  GC_register_displacement(0);
                           ^
./gc/omc_gc.h:223:34: warning: expression result unused [-Wunused-value]
  GC_set_force_unmap_on_gcollect(1);
                                 ^
In file included from T05_3DICE_Integration_T05_Interface3DICE_FMU.c:9:
In file included from ./openmodelica.h:71:
In file included from ./gc/../openmodelica_types.h:144:
./gc/omc_gc.h:219:28: warning: expression result unused [-Wunused-value]
  GC_register_displacement(0);
                           ^
./gc/omc_gc.h:223:34: warning: expression result unused [-Wunused-value]
  GC_set_force_unmap_on_gcollect(1);
                                 ^
2 warnings generated.
In file included from T05_3DICE_Integration_T05_Interface3DICE_FMU.c:55:
./fmi-export/fmu2_model_interface.c.inc:169:16: warning: passing 'char **' to parameter of type 'const char **' discards qualifiers in nested pointer types [-Wincompatible-pointer-types-discards-qualifiers]
  GC_vasprintf(&str, msg, args);
               ^~~~
./gc/../meta/../util/modelica_string.h:71:31: note: passing argument to parameter 'strp' here
int GC_vasprintf(const char **strp, const char *fmt, va_list ap);
                              ^
2 warnings generated.
3 warnings generated.
2 warnings generated.
mkdir -p ../binaries/linux64
clang -shared -o T05_3DICE_Integration_T05_Interface3DICE.so T05_3DICE_Integration_T05_Interface3DICE_06inz_part0.o T05_3DICE_Integration_T05_Interface3DICE_06inz_part1.o T05_3DICE_Integration_T05_Interface3DICE.o T05_3DICE_Integration_T05_Interface3DICE_functions.o T05_3DICE_Integration_T05_Interface3DICE_records.o T05_3DICE_Integration_T05_Interface3DICE_01exo.o T05_3DICE_Integration_T05_Interface3DICE_02nls.o T05_3DICE_Integration_T05_Interface3DICE_03lsy.o T05_3DICE_Integration_T05_Interface3DICE_04set.o T05_3DICE_Integration_T05_Interface3DICE_05evt.o T05_3DICE_Integration_T05_Interface3DICE_06inz.o T05_3DICE_Integration_T05_Interface3DICE_07dly.o T05_3DICE_Integration_T05_Interface3DICE_08bnd.o T05_3DICE_Integration_T05_Interface3DICE_09alg.o T05_3DICE_Integration_T05_Interface3DICE_10asr.o T05_3DICE_Integration_T05_Interface3DICE_11mix.o T05_3DICE_Integration_T05_Interface3DICE_12jac.o T05_3DICE_Integration_T05_Interface3DICE_13opt.o T05_3DICE_Integration_T05_Interface3DICE_14lnz.o T05_3DICE_Integration_T05_Interface3DICE_15syn.o T05_3DICE_Integration_T05_Interface3DICE_16dae.o T05_3DICE_Integration_T05_Interface3DICE_17inl.o T05_3DICE_Integration_T05_Interface3DICE_18spd.o T05_3DICE_Integration_T05_Interface3DICE_init_fmu.o T05_3DICE_Integration_T05_Interface3DICE_FMU.o   -L"/media/fear/WesternDigital/Tesi - Thermosyphon/3DICE-Integration/MyHeatSink"  -Wl,-Bstatic "-L/usr/bin/../lib/x86_64-linux-gnu/omc" -Wl,-rpath="/usr/bin/../lib/x86_64-linux-gnu/omc" "-L/usr/bin/../lib/" -Wl,-rpath="/usr/bin/../lib/" "-L/home/fear/.openmodelica/binaries/Modelica" -Wl,-rpath="/home/fear/.openmodelica/binaries/Modelica" "-L/usr/lib/omlibrary/Modelica 3.2.3/Resources/Library/x86_64-linux" -Wl,-rpath="/usr/lib/omlibrary/Modelica 3.2.3/Resources/Library/x86_64-linux" "-L/usr/lib/omlibrary/Modelica 3.2.3/Resources/Library/linux64" -Wl,-rpath="/usr/lib/omlibrary/Modelica 3.2.3/Resources/Library/linux64" "-L/usr/lib/omlibrary/Modelica 3.2.3/Resources/Library" -Wl,-rpath="/usr/lib/omlibrary/Modelica 3.2.3/Resources/Library" -lModelicaExternalC -Wl,-Bdynamic -L'/usr/bin/../lib/x86_64-linux-gnu/omc' -Wl,-rpath,'/usr/bin/../lib/x86_64-linux-gnu/omc'   -lSimulationRuntimeFMI  -Wl,--no-as-needed -Wl,--disable-new-dtags -llapack -lblas -lm -lm -lpthread -rdynamic -Wl,--no-undefined 
/usr/bin/ld: /usr/bin/../lib/x86_64-linux-gnu/omc/libModelicaExternalC.a(ModelicaInternal.o): in function `ModelicaInternal_temporaryFileName':
(.text+0x609): warning: the use of `tmpnam' is dangerous, better use `mkstemp'
cp T05_3DICE_Integration_T05_Interface3DICE.so T05_3DICE_Integration_T05_Interface3DICE_FMU.libs ../binaries/linux64/
head -n20 Makefile > ../resources/linux64.summary
make distclean
make[2]: Entering directory '/media/fear/WesternDigital/Tesi - Thermosyphon/3DICE-Integration/MyHeatSink/T05_3DICE_Integration_T05_Interface3DICE.fmutmp/sources'
rm -f T05_3DICE_Integration_T05_Interface3DICE.def T05_3DICE_Integration_T05_Interface3DICE.o T05_3DICE_Integration_T05_Interface3DICE.a T05_3DICE_Integration_T05_Interface3DICE.so  T05_3DICE_Integration_T05_Interface3DICE_06inz_part0.o T05_3DICE_Integration_T05_Interface3DICE_06inz_part1.o T05_3DICE_Integration_T05_Interface3DICE.o T05_3DICE_Integration_T05_Interface3DICE_functions.o T05_3DICE_Integration_T05_Interface3DICE_records.o T05_3DICE_Integration_T05_Interface3DICE_01exo.o T05_3DICE_Integration_T05_Interface3DICE_02nls.o T05_3DICE_Integration_T05_Interface3DICE_03lsy.o T05_3DICE_Integration_T05_Interface3DICE_04set.o T05_3DICE_Integration_T05_Interface3DICE_05evt.o T05_3DICE_Integration_T05_Interface3DICE_06inz.o T05_3DICE_Integration_T05_Interface3DICE_07dly.o T05_3DICE_Integration_T05_Interface3DICE_08bnd.o T05_3DICE_Integration_T05_Interface3DICE_09alg.o T05_3DICE_Integration_T05_Interface3DICE_10asr.o T05_3DICE_Integration_T05_Interface3DICE_11mix.o T05_3DICE_Integration_T05_Interface3DICE_12jac.o T05_3DICE_Integration_T05_Interface3DICE_13opt.o T05_3DICE_Integration_T05_Interface3DICE_14lnz.o T05_3DICE_Integration_T05_Interface3DICE_15syn.o T05_3DICE_Integration_T05_Interface3DICE_16dae.o T05_3DICE_Integration_T05_Interface3DICE_17inl.o T05_3DICE_Integration_T05_Interface3DICE_18spd.o T05_3DICE_Integration_T05_Interface3DICE_init_fmu.o T05_3DICE_Integration_T05_Interface3DICE_FMU.o  
rm -f Makefile config.status config.log
make[2]: Leaving directory '/media/fear/WesternDigital/Tesi - Thermosyphon/3DICE-Integration/MyHeatSink/T05_3DICE_Integration_T05_Interface3DICE.fmutmp/sources'
make[1]: Leaving directory '/media/fear/WesternDigital/Tesi - Thermosyphon/3DICE-Integration/MyHeatSink/T05_3DICE_Integration_T05_Interface3DICE.fmutmp/sources'
